<html>
<head>
<title>TestNG:  Surefire test</title>
<link href="../testng.css" rel="stylesheet" type="text/css" />
<link href="../my-testng.css" rel="stylesheet" type="text/css" />

<style type="text/css">
.log { display: none;} 
.stack-trace { display: none;} 
</style>
<script type="text/javascript">
<!--
function flip(e) {
  current = e.style.display;
  if (current == 'block') {
    e.style.display = 'none';
    return 0;
  }
  else {
    e.style.display = 'block';
    return 1;
  }
}

function toggleBox(szDivId, elem, msg1, msg2)
{
  var res = -1;  if (document.getElementById) {
    res = flip(document.getElementById(szDivId));
  }
  else if (document.all) {
    // this is the way old msie versions work
    res = flip(document.all[szDivId]);
  }
  if(elem) {
    if(res == 0) elem.innerHTML = msg1; else elem.innerHTML = msg2;
  }

}

function toggleAllBoxes() {
  if (document.getElementsByTagName) {
    d = document.getElementsByTagName('div');
    for (i = 0; i < d.length; i++) {
      if (d[i].className == 'log') {
        flip(d[i]);
      }
    }
  }
}

// -->
</script>

</head>
<body>
<h2 align='center'>Surefire test</h2><table border='1' align="center">
<tr>
<td>Tests passed/Failed/Skipped:</td><td>2/2/0</td>
</tr><tr>
<td>Started on:</td><td>Tue Aug 22 22:05:15 IST 2023</td>
</tr>
<tr><td>Total time:</td><td>13 seconds (13522 ms)</td>
</tr><tr>
<td>Included groups:</td><td></td>
</tr><tr>
<td>Excluded groups:</td><td></td>
</tr>
</table><p/>
<small><i>(Hover the method name to see the test class name)</i></small><p/>
<table width='100%' border='1' class='invocation-failed'>
<tr><td colspan='4' align='center'><b>FAILED TESTS</b></td></tr>
<tr><td><b>Test method</b></td>
<td width="30%"><b>Exception</b></td>
<td width="10%"><b>Time (seconds)</b></td>
<td><b>Instance</b></td>
</tr>
<tr>
<td title='parallel.ParallelRun.runScenario()'><b>runScenario</b><br>Test class: parallel.ParallelRun<br>Test method: Runs Cucumber Scenarios<br>Parameters: "Login Page Title Validation", "Optional[Login]"</td>
<td><div><pre>java.lang.AssertionError
	at org.junit.Assert.fail(Assert.java:87)
	at org.junit.Assert.assertTrue(Assert.java:42)
	at org.junit.Assert.assertTrue(Assert.java:53)
	at parallel.LoginSteps.i_verify_title_should_be(LoginSteps.java:23)
	at ✽.I verify title should be &quot;Login - My Show&quot;(file:///C:/Users/manoh/CucumberProjects/cucumber1/GIT%20Repos/cucumberJunit/CucumberTestNGParalel1/CucumberTestNGParallel/src/test/resources/parallel/loginPage.feature:9)
</pre></div><a href='#' onClick='toggleBox("stack-trace1569181742", this, "Click to show all stack frames", "Click to hide stack frames")'>Click to show all stack frames</a>
<div class='stack-trace' id='stack-trace1569181742'><pre>java.lang.AssertionError
	at org.junit.Assert.fail(Assert.java:87)
	at org.junit.Assert.assertTrue(Assert.java:42)
	at org.junit.Assert.assertTrue(Assert.java:53)
	at parallel.LoginSteps.i_verify_title_should_be(LoginSteps.java:23)
	at ✽.I verify title should be &quot;Login - My Show&quot;(file:///C:/Users/manoh/CucumberProjects/cucumber1/GIT%20Repos/cucumberJunit/CucumberTestNGParalel1/CucumberTestNGParallel/src/test/resources/parallel/loginPage.feature:9)
</pre></div></td>
<td>7</td>
<td>parallel.ParallelRun@971d0d8</td></tr>
<tr>
<td title='parallel.ParallelRun.runScenario()'><b>runScenario</b><br>Test class: parallel.ParallelRun<br>Test method: Runs Cucumber Scenarios<br>Parameters: "Account Page Launch", "Optional[Accounts page]"</td>
<td><div><pre>java.lang.AssertionError: expected:&lt;4&gt; but was:&lt;5&gt;
	at org.junit.Assert.fail(Assert.java:89)
	at org.junit.Assert.failNotEquals(Assert.java:835)
	at org.junit.Assert.assertEquals(Assert.java:647)
	at org.junit.Assert.assertEquals(Assert.java:633)
	at parallel.AccountsPageSteps.account_selection_count_is(AccountsPageSteps.java:69)
	at ✽.account selection count is 4(file:///C:/Users/manoh/CucumberProjects/cucumber1/GIT%20Repos/cucumberJunit/CucumberTestNGParalel1/CucumberTestNGParallel/src/test/resources/parallel/AccountPage.feature:19)
</pre></div><a href='#' onClick='toggleBox("stack-trace475560411", this, "Click to show all stack frames", "Click to hide stack frames")'>Click to show all stack frames</a>
<div class='stack-trace' id='stack-trace475560411'><pre>java.lang.AssertionError: expected:&lt;4&gt; but was:&lt;5&gt;
	at org.junit.Assert.fail(Assert.java:89)
	at org.junit.Assert.failNotEquals(Assert.java:835)
	at org.junit.Assert.assertEquals(Assert.java:647)
	at org.junit.Assert.assertEquals(Assert.java:633)
	at parallel.AccountsPageSteps.account_selection_count_is(AccountsPageSteps.java:69)
	at ✽.account selection count is 4(file:///C:/Users/manoh/CucumberProjects/cucumber1/GIT%20Repos/cucumberJunit/CucumberTestNGParalel1/CucumberTestNGParallel/src/test/resources/parallel/AccountPage.feature:19)
</pre></div></td>
<td>9</td>
<td>parallel.ParallelRun@971d0d8</td></tr>
</table><p>
<table width='100%' border='1' class='invocation-passed'>
<tr><td colspan='4' align='center'><b>PASSED TESTS</b></td></tr>
<tr><td><b>Test method</b></td>
<td width="30%"><b>Exception</b></td>
<td width="10%"><b>Time (seconds)</b></td>
<td><b>Instance</b></td>
</tr>
<tr>
<td title='parallel.ParallelRun.runScenario()'><b>runScenario</b><br>Test class: parallel.ParallelRun<br>Test method: Runs Cucumber Scenarios<br>Parameters: "Login Page", "Optional[Login]"</td>
<td></td>
<td>8</td>
<td>parallel.ParallelRun@971d0d8</td></tr>
<tr>
<td title='parallel.ParallelRun.runScenario()'><b>runScenario</b><br>Test class: parallel.ParallelRun<br>Test method: Runs Cucumber Scenarios<br>Parameters: "Launch Login", "Optional[Login]"</td>
<td></td>
<td>9</td>
<td>parallel.ParallelRun@971d0d8</td></tr>
</table><p>
</body>
</html>